<?xml version="1.0" encoding="UTF-8"?>
<testng-results skipped="0" failed="0" ignored="0" total="1" passed="1">
  <reporter-output>
  </reporter-output>
  <suite name="Default suite" duration-ms="71" started-at="2022-01-25T16:54:56Z" finished-at="2022-01-25T16:54:56Z">
    <groups>
    </groups>
    <test name="Default test" duration-ms="71" started-at="2022-01-25T16:54:56Z" finished-at="2022-01-25T16:54:56Z">
      <class name="com.crm.Orgtest.hello">
        <test-method status="PASS" signature="creatTest()[pri:0, instance:com.crm.Orgtest.hello@7ac7a4e4]" name="creatTest" duration-ms="13" started-at="2022-01-25T16:54:56Z" finished-at="2022-01-25T16:54:56Z">
          <reporter-output>
          </reporter-output>
        </test-method> <!-- creatTest -->
      </class> <!-- com.crm.Orgtest.hello -->
    </test> <!-- Default test -->
  </suite> <!-- Default suite -->
</testng-results>
